  [1m[35m (0.1ms)[0m  [1m[34mSELECT sqlite_version(*)[0m
  [1m[35m (6.5ms)[0m  [1m[35mCREATE TABLE "schema_migrations" ("version" varchar NOT NULL PRIMARY KEY)[0m
  [1m[35m (12.7ms)[0m  [1m[35mCREATE TABLE "ar_internal_metadata" ("key" varchar NOT NULL PRIMARY KEY, "value" varchar, "created_at" datetime NOT NULL, "updated_at" datetime NOT NULL)[0m
  [1m[35m (0.2ms)[0m  [1m[34mSELECT "schema_migrations"."version" FROM "schema_migrations" ORDER BY "schema_migrations"."version" ASC[0m
Migrating to CreateUsers (20180205142801)
  [1m[35m (0.1ms)[0m  [1m[36mbegin transaction[0m
  [1m[35m (0.5ms)[0m  [1m[35mCREATE TABLE "users" ("id" INTEGER PRIMARY KEY AUTOINCREMENT NOT NULL, "email" varchar, "name" varchar, "created_at" datetime NOT NULL, "updated_at" datetime NOT NULL)[0m
  [1m[35mSQL (0.2ms)[0m  [1m[32mINSERT INTO "schema_migrations" ("version") VALUES (?)[0m  [["version", "20180205142801"]]
  [1m[35m (7.6ms)[0m  [1m[36mcommit transaction[0m
  [1m[36mActiveRecord::InternalMetadata Load (0.2ms)[0m  [1m[34mSELECT  "ar_internal_metadata".* FROM "ar_internal_metadata" WHERE "ar_internal_metadata"."key" = ? LIMIT ?[0m  [["key", "environment"], ["LIMIT", 1]]
  [1m[35m (0.1ms)[0m  [1m[36mbegin transaction[0m
  [1m[35mSQL (0.4ms)[0m  [1m[32mINSERT INTO "ar_internal_metadata" ("key", "value", "created_at", "updated_at") VALUES (?, ?, ?, ?)[0m  [["key", "environment"], ["value", "development"], ["created_at", "2018-02-05 14:30:52.043349"], ["updated_at", "2018-02-05 14:30:52.043349"]]
  [1m[35m (6.4ms)[0m  [1m[36mcommit transaction[0m
  [1m[35m (0.4ms)[0m  [1m[34mSELECT "schema_migrations"."version" FROM "schema_migrations" ORDER BY "schema_migrations"."version" ASC[0m
  [1m[35m (0.2ms)[0m  [1m[34mSELECT "schema_migrations"."version" FROM "schema_migrations" ORDER BY "schema_migrations"."version" ASC[0m
Migrating to AddPartNumberToProducts (20180205144106)
  [1m[35m (0.1ms)[0m  [1m[36mbegin transaction[0m
  [1m[35m (0.4ms)[0m  [1m[35mALTER TABLE "products" ADD "part_number" varchar[0m
  [1m[35m (0.1ms)[0m  [1m[31mrollback transaction[0m
  [1m[35m (0.2ms)[0m  [1m[34mSELECT "schema_migrations"."version" FROM "schema_migrations" ORDER BY "schema_migrations"."version" ASC[0m
Migrating to AddPasswordDigestToUsers (20180205144452)
  [1m[35m (0.1ms)[0m  [1m[36mbegin transaction[0m
  [1m[35m (1.4ms)[0m  [1m[35mALTER TABLE "users" ADD "password_digest" varchar[0m
  [1m[35mSQL (0.2ms)[0m  [1m[32mINSERT INTO "schema_migrations" ("version") VALUES (?)[0m  [["version", "20180205144452"]]
  [1m[35m (4.9ms)[0m  [1m[36mcommit transaction[0m
  [1m[36mActiveRecord::InternalMetadata Load (0.3ms)[0m  [1m[34mSELECT  "ar_internal_metadata".* FROM "ar_internal_metadata" WHERE "ar_internal_metadata"."key" = ? LIMIT ?[0m  [["key", "environment"], ["LIMIT", 1]]
  [1m[35m (0.1ms)[0m  [1m[36mbegin transaction[0m
  [1m[35m (0.1ms)[0m  [1m[36mcommit transaction[0m
  [1m[35m (0.3ms)[0m  [1m[34mSELECT "schema_migrations"."version" FROM "schema_migrations" ORDER BY "schema_migrations"."version" ASC[0m
Started GET "/" for 127.0.0.1 at 2018-02-05 16:12:34 +0100
  [1m[35m (0.2ms)[0m  [1m[34mSELECT "schema_migrations"."version" FROM "schema_migrations" ORDER BY "schema_migrations"."version" ASC[0m
Processing by Rails::WelcomeController#index as HTML
  Rendering /home/elodie/.rvm/gems/ruby-2.3.4/gems/railties-5.1.4/lib/rails/templates/rails/welcome/index.html.erb
  Rendered /home/elodie/.rvm/gems/ruby-2.3.4/gems/railties-5.1.4/lib/rails/templates/rails/welcome/index.html.erb (5.6ms)
Completed 200 OK in 26ms (Views: 12.6ms | ActiveRecord: 0.0ms)


Started GET "/" for 127.0.0.1 at 2018-02-05 16:23:02 +0100
  [1m[35m (0.4ms)[0m  [1m[34mSELECT "schema_migrations"."version" FROM "schema_migrations" ORDER BY "schema_migrations"."version" ASC[0m
Processing by PagesController#home as HTML
  Rendering pages/home.html.erb within layouts/application
  Rendered pages/home.html.erb within layouts/application (2.2ms)
Completed 200 OK in 951ms (Views: 934.5ms | ActiveRecord: 0.0ms)


Started GET "/answer" for 127.0.0.1 at 2018-02-05 16:23:07 +0100
Processing by PagesController#page_secrete as HTML
  Rendering pages/page_secrete.html.erb within layouts/application
  Rendered pages/page_secrete.html.erb within layouts/application (1.0ms)
Completed 200 OK in 39ms (Views: 37.6ms | ActiveRecord: 0.0ms)


Started GET "/" for 127.0.0.1 at 2018-02-05 16:23:10 +0100
Processing by PagesController#home as HTML
  Rendering pages/home.html.erb within layouts/application
  Rendered pages/home.html.erb within layouts/application (0.8ms)
Completed 200 OK in 39ms (Views: 37.1ms | ActiveRecord: 0.0ms)


Started GET "/answer" for 127.0.0.1 at 2018-02-05 16:23:19 +0100
Processing by PagesController#page_secrete as HTML
  Rendering pages/page_secrete.html.erb within layouts/application
  Rendered pages/page_secrete.html.erb within layouts/application (1.9ms)
Completed 200 OK in 64ms (Views: 61.1ms | ActiveRecord: 0.0ms)


Started GET "/" for 127.0.0.1 at 2018-02-05 16:23:21 +0100
Processing by PagesController#home as HTML
  Rendering pages/home.html.erb within layouts/application
  Rendered pages/home.html.erb within layouts/application (0.7ms)
Completed 200 OK in 48ms (Views: 45.9ms | ActiveRecord: 0.0ms)


Started GET "/answer" for 127.0.0.1 at 2018-02-05 16:23:55 +0100
Processing by PagesController#page_secrete as HTML
  Rendering pages/page_secrete.html.erb within layouts/application
  Rendered pages/page_secrete.html.erb within layouts/application (1.2ms)
Completed 200 OK in 45ms (Views: 43.0ms | ActiveRecord: 0.0ms)


Started GET "/" for 127.0.0.1 at 2018-02-05 16:23:57 +0100
Processing by PagesController#home as HTML
  Rendering pages/home.html.erb within layouts/application
  Rendered pages/home.html.erb within layouts/application (0.8ms)
Completed 200 OK in 42ms (Views: 39.5ms | ActiveRecord: 0.0ms)


Started GET "/answer" for 127.0.0.1 at 2018-02-05 16:23:58 +0100
Processing by PagesController#page_secrete as HTML
  Rendering pages/page_secrete.html.erb within layouts/application
  Rendered pages/page_secrete.html.erb within layouts/application (1.2ms)
Completed 200 OK in 38ms (Views: 35.6ms | ActiveRecord: 0.0ms)


Started GET "/" for 127.0.0.1 at 2018-02-05 16:24:00 +0100
Processing by PagesController#home as HTML
  Rendering pages/home.html.erb within layouts/application
  Rendered pages/home.html.erb within layouts/application (0.9ms)
Completed 200 OK in 41ms (Views: 39.1ms | ActiveRecord: 0.0ms)


Started GET "/" for 127.0.0.1 at 2018-02-05 16:55:59 +0100
Processing by PagesController#home as HTML
  Rendering pages/home.html.erb within layouts/application
  Rendered pages/home.html.erb within layouts/application (1.9ms)
Completed 200 OK in 39ms (Views: 37.3ms | ActiveRecord: 0.0ms)


Started GET "/answer" for 127.0.0.1 at 2018-02-05 16:56:02 +0100
Processing by PagesController#page_secrete as HTML
  Rendering pages/page_secrete.html.erb within layouts/application
  Rendered pages/page_secrete.html.erb within layouts/application (0.9ms)
Completed 200 OK in 34ms (Views: 32.7ms | ActiveRecord: 0.0ms)


Started GET "/" for 127.0.0.1 at 2018-02-05 17:26:19 +0100
  [1m[35m (0.2ms)[0m  [1m[34mSELECT "schema_migrations"."version" FROM "schema_migrations" ORDER BY "schema_migrations"."version" ASC[0m
Processing by PagesController#home as HTML
  Rendering pages/home.html.erb within layouts/application
  Rendered pages/home.html.erb within layouts/application (2.9ms)
Completed 200 OK in 460ms (Views: 440.9ms | ActiveRecord: 0.0ms)


Started GET "/answer" for 127.0.0.1 at 2018-02-05 17:26:22 +0100
Processing by PagesController#page_secrete as HTML
  Rendering pages/page_secrete.html.erb within layouts/application
  Rendered pages/page_secrete.html.erb within layouts/application (1.0ms)
Completed 200 OK in 70ms (Views: 68.4ms | ActiveRecord: 0.0ms)


Started GET "/" for 127.0.0.1 at 2018-02-05 17:26:23 +0100
Processing by PagesController#home as HTML
  Rendering pages/home.html.erb within layouts/application
  Rendered pages/home.html.erb within layouts/application (0.9ms)
Completed 200 OK in 45ms (Views: 41.7ms | ActiveRecord: 0.0ms)


Started GET "/" for 127.0.0.1 at 2018-02-05 17:31:26 +0100
  [1m[35m (0.3ms)[0m  [1m[34mSELECT "schema_migrations"."version" FROM "schema_migrations" ORDER BY "schema_migrations"."version" ASC[0m
Processing by PagesController#home as HTML
  Rendering pages/home.html.erb within layouts/application
  Rendered pages/home.html.erb within layouts/application (2.5ms)
Completed 200 OK in 306ms (Views: 292.7ms | ActiveRecord: 0.0ms)


Started GET "/answer" for 127.0.0.1 at 2018-02-05 17:31:28 +0100
Processing by PagesController#page_secrete as HTML
  Rendering pages/page_secrete.html.erb within layouts/application
  Rendered pages/page_secrete.html.erb within layouts/application (0.9ms)
Completed 200 OK in 38ms (Views: 35.6ms | ActiveRecord: 0.0ms)


Started GET "/" for 127.0.0.1 at 2018-02-05 17:37:37 +0100
  [1m[35m (0.2ms)[0m  [1m[34mSELECT "schema_migrations"."version" FROM "schema_migrations" ORDER BY "schema_migrations"."version" ASC[0m
Processing by PagesController#home as HTML
  Rendering pages/home.html.erb within layouts/application
  Rendered pages/home.html.erb within layouts/application (2.9ms)
Completed 200 OK in 379ms (Views: 367.6ms | ActiveRecord: 0.0ms)


Started GET "/answer" for 127.0.0.1 at 2018-02-05 17:37:39 +0100
Processing by PagesController#page_secrete as HTML
  Rendering pages/page_secrete.html.erb within layouts/application
  Rendered pages/page_secrete.html.erb within layouts/application (1.0ms)
Completed 200 OK in 38ms (Views: 36.7ms | ActiveRecord: 0.0ms)


Started GET "/" for 127.0.0.1 at 2018-02-05 17:37:40 +0100
Processing by PagesController#home as HTML
  Rendering pages/home.html.erb within layouts/application
  Rendered pages/home.html.erb within layouts/application (1.0ms)
Completed 200 OK in 40ms (Views: 37.9ms | ActiveRecord: 0.0ms)


Started GET "/" for 127.0.0.1 at 2018-02-05 18:00:55 +0100
  [1m[35m (0.3ms)[0m  [1m[34mSELECT "schema_migrations"."version" FROM "schema_migrations" ORDER BY "schema_migrations"."version" ASC[0m
Processing by PagesController#home as HTML
  Rendering pages/home.html.erb within layouts/application
  Rendered pages/home.html.erb within layouts/application (1.7ms)
Completed 500 Internal Server Error in 20ms (ActiveRecord: 0.0ms)


  
SyntaxError (/home/elodie/secret/app/views/pages/home.html.erb:13: syntax error, unexpected keyword_ensure, expecting keyword_end
/home/elodie/secret/app/views/pages/home.html.erb:15: syntax error, unexpected end-of-input, expecting keyword_end):
  
app/views/pages/home.html.erb:13: syntax error, unexpected keyword_ensure, expecting keyword_end
app/views/pages/home.html.erb:15: syntax error, unexpected end-of-input, expecting keyword_end
Started GET "/" for 127.0.0.1 at 2018-02-05 18:02:18 +0100
  [1m[35m (0.2ms)[0m  [1m[34mSELECT "schema_migrations"."version" FROM "schema_migrations" ORDER BY "schema_migrations"."version" ASC[0m
Processing by PagesController#home as HTML
  Rendering pages/home.html.erb within layouts/application
  Rendered pages/home.html.erb within layouts/application (194.8ms)
Completed 500 Internal Server Error in 215ms (ActiveRecord: 0.0ms)


  
ActionView::Template::Error (undefined method `logged_in?' for #<#<Class:0x00000003b470c8>:0x00000003b8daa0>
Did you mean?  logger?):
    1: <% if logged_in? %>
    2: 
    3: <h1> !!! TOP SECRET !!! </h1>
    4: 
  
app/views/pages/home.html.erb:1:in `_app_views_pages_home_html_erb___2679268471135539981_31088860'
Started GET "/" for 127.0.0.1 at 2018-02-05 18:47:00 +0100
  [1m[35m (0.2ms)[0m  [1m[34mSELECT "schema_migrations"."version" FROM "schema_migrations" ORDER BY "schema_migrations"."version" ASC[0m
Processing by PagesController#home as HTML
  Rendering pages/home.html.erb within layouts/application
  Rendered pages/home.html.erb within layouts/application (169.7ms)
Completed 500 Internal Server Error in 187ms (ActiveRecord: 0.0ms)


  
ActionView::Template::Error (undefined method `logged_in?' for #<#<Class:0x00000005528438>:0x0000000554d620>
Did you mean?  logger?):
    1: <% if logged_in? %>
    2: 
    3: <h1> !!! TOP SECRET !!! </h1>
    4: 
  
app/views/pages/home.html.erb:1:in `_app_views_pages_home_html_erb___4032843573921860049_44650300'
